<?xml version="1.0" encoding="UTF-8" ?>
<testsuite errors="1" failures="0" hostname="BLACKBOOK" name="DatabaseTest" skipped="0" tests="1" time="0.041" timestamp="2019-07-07T09:47:49">
  <properties>
[...]
</properties>
  <testcase classname="DatabaseTest" name="initializationError" time="0.004">
    <error message="Invalid test class &apos;DatabaseTest&apos;:&#xa;  1. No runnable methods" type="org.junit.runners.model.InvalidTestClassError">org.junit.runners.model.InvalidTestClassError: Invalid test class &apos;DatabaseTest&apos;:
  1. No runnable methods
	at java.lang.reflect.Constructor.newInstance(Constructor.java:423)
</error>
  </testcase>
  <system-out><![CDATA[]]></system-out>
  <system-err><![CDATA[]]></system-err>
</testsuite>
